09-12-2019 09:24:44.812 [main] INFO  com.pse.notif.app.PsePushNotifier - Starting PSE Push Notification Service...
09-12-2019 09:24:44.867 [main] INFO  com.pse.notif.app.PsePushNotifier - Loading configuration...
09-12-2019 09:24:44.979 [main] INFO  com.pse.notif.app.PsePushNotifier - Finished loading configuration.
09-12-2019 09:24:44.979 [main] INFO  com.pse.notif.app.PsePushNotifier - Adding notification classes...
09-12-2019 09:24:44.980 [main] INFO  com.pse.notif.types.Notifier - Setting up Open-close Notifier...
09-12-2019 09:24:44.981 [main] INFO  com.pse.notif.types.Notifier - Setting up Cut-break Notifier...
09-12-2019 09:24:44.982 [main] INFO  com.pse.notif.app.PsePushNotifier - Notifiers activated.
09-12-2019 09:24:44.982 [main] INFO  com.pse.notif.app.PsePushNotifier - Scheduling notifications...
09-12-2019 09:24:45.157 [main] INFO  com.pse.notif.app.PsePushNotifier - Running scheduler...
09-12-2019 09:24:45.271 [main] INFO  com.pse.notif.app.PsePushNotifier - Waiting for market open...
09-12-2019 09:24:45.278 [main] INFO  com.pse.notif.app.PsePushNotifier - Delaying run by 5 minute/s.
09-12-2019 09:29:59.415 [main] INFO  com.pse.notif.app.PsePushNotifier - Delaying run by 0 minute/s.
09-12-2019 09:29:59.418 [Timer-0] INFO  com.pse.notif.types.Notifier - Starting data fetch...
09-12-2019 09:30:02.768 [Timer-0] ERROR com.pse.notif.types.Notifier - Cannot connect: http://phisix-api2.appspot.com/stocks/FGEN.json
09-12-2019 09:30:03.068 [Timer-0] ERROR com.pse.notif.types.Notifier - Cannot connect: http://phisix-api2.appspot.com/stocks/SCC.json
09-12-2019 09:30:03.269 [Timer-0] ERROR com.pse.notif.types.Notifier - Cannot connect: http://phisix-api2.appspot.com/stocks/LTG.json
09-12-2019 09:30:03.269 [Timer-0] INFO  com.pse.notif.types.Notifier - End data fetch.
09-12-2019 09:30:07.342 [Timer-0] INFO  com.pse.notif.types.Notifier - Starting data fetch...
09-12-2019 09:30:07.761 [Timer-0] ERROR com.pse.notif.types.Notifier - Cannot connect: http://phisix-api2.appspot.com/stocks/FGEN.json
09-12-2019 09:30:07.970 [Timer-0] ERROR com.pse.notif.types.Notifier - Cannot connect: http://phisix-api2.appspot.com/stocks/SCC.json
09-12-2019 09:30:08.176 [Timer-0] ERROR com.pse.notif.types.Notifier - Cannot connect: http://phisix-api2.appspot.com/stocks/LTG.json
09-12-2019 09:30:08.177 [Timer-0] INFO  com.pse.notif.types.Notifier - End data fetch.
09-12-2019 09:30:08.177 [Timer-0] INFO  com.pse.notif.types.Notifier - Filtering stocks for cut/break...
09-12-2019 09:30:08.178 [Timer-0] INFO  com.pse.notif.types.Notifier - AGI: 11.08 (-0.36%) [16.62K]
09-12-2019 09:34:59.416 [Timer-0] INFO  com.pse.notif.types.Notifier - Starting data fetch...
09-12-2019 09:35:00.310 [Timer-0] INFO  com.pse.notif.types.Notifier - End data fetch.
09-12-2019 09:35:00.311 [Timer-0] INFO  com.pse.notif.types.Notifier - Filtering stocks for cut/break...
09-12-2019 09:35:00.312 [Timer-0] INFO  com.pse.notif.types.Notifier - AGI: 11.12 (0.00%) [200.16K]
09-12-2019 09:35:00.312 [Timer-0] INFO  com.pse.notif.types.Notifier - FGEN: 24.75 (0.00%) [9.9K]
09-12-2019 09:35:00.313 [Timer-0] INFO  com.pse.notif.types.Notifier - SCC: 20.05 (0.25%) [26.06K] << SELL
09-12-2019 09:35:00.313 [Timer-0] INFO  com.pse.notif.types.Notifier - LTG: 11.50 (0.00%) [35.65K]
09-12-2019 09:39:59.415 [Timer-0] INFO  com.pse.notif.types.Notifier - Starting data fetch...
09-12-2019 09:40:00.438 [Timer-0] INFO  com.pse.notif.types.Notifier - End data fetch.
09-12-2019 09:40:00.439 [Timer-0] INFO  com.pse.notif.types.Notifier - Filtering stocks for cut/break...
09-12-2019 09:40:00.440 [Timer-0] INFO  com.pse.notif.types.Notifier - AGI: 11.16 (0.36%) [653.98K]
09-12-2019 09:40:00.442 [Timer-0] INFO  com.pse.notif.types.Notifier - FGEN: 24.70 (-0.20%) [41.99K]
09-12-2019 09:40:00.442 [Timer-0] INFO  com.pse.notif.types.Notifier - SCC: 20.60 (3.00%) [30.9K]
09-12-2019 09:40:00.443 [Timer-0] INFO  com.pse.notif.types.Notifier - LTG: 11.40 (-0.87%) [77.52K]
09-12-2019 09:44:59.415 [Timer-0] INFO  com.pse.notif.types.Notifier - Starting data fetch...
09-12-2019 09:45:04.608 [Timer-0] ERROR com.pse.notif.types.Notifier - Cannot connect: http://phisix-api2.appspot.com/stocks/AGI.json
09-12-2019 09:45:09.646 [Timer-0] ERROR com.pse.notif.types.Notifier - Cannot connect: http://phisix-api2.appspot.com/stocks/FGEN.json
09-12-2019 09:45:14.685 [Timer-0] ERROR com.pse.notif.types.Notifier - Cannot connect: http://phisix-api2.appspot.com/stocks/SCC.json
09-12-2019 09:45:14.953 [Timer-0] INFO  com.pse.notif.types.Notifier - End data fetch.
09-12-2019 09:45:14.954 [Timer-0] INFO  com.pse.notif.types.Notifier - Filtering stocks for cut/break...
09-12-2019 09:45:14.954 [Timer-0] INFO  com.pse.notif.types.Notifier - AGI: 11.16 (0.36%) [653.98K]
09-12-2019 09:45:14.955 [Timer-0] INFO  com.pse.notif.types.Notifier - FGEN: 24.70 (-0.20%) [41.99K]
09-12-2019 09:45:14.955 [Timer-0] INFO  com.pse.notif.types.Notifier - SCC: 20.60 (3.00%) [30.9K]
09-12-2019 09:45:14.956 [Timer-0] INFO  com.pse.notif.types.Notifier - LTG: 11.40 (-0.87%) [77.52K]
09-12-2019 09:49:59.416 [Timer-0] INFO  com.pse.notif.types.Notifier - Starting data fetch...
09-12-2019 09:50:02.751 [Timer-0] INFO  com.pse.notif.types.Notifier - End data fetch.
09-12-2019 09:50:02.751 [Timer-0] INFO  com.pse.notif.types.Notifier - Filtering stocks for cut/break...
09-12-2019 09:50:02.752 [Timer-0] INFO  com.pse.notif.types.Notifier - AGI: 11.16 (0.36%) [735.44K]
09-12-2019 09:50:02.753 [Timer-0] INFO  com.pse.notif.types.Notifier - FGEN: 24.70 (-0.20%) [61.75K]
09-12-2019 09:50:02.753 [Timer-0] INFO  com.pse.notif.types.Notifier - SCC: 20.35 (1.75%) [32.56K] << SELL
09-12-2019 09:50:02.754 [Timer-0] INFO  com.pse.notif.types.Notifier - LTG: 11.40 (-0.87%) [77.52K]
09-12-2019 09:54:59.416 [Timer-0] INFO  com.pse.notif.types.Notifier - Starting data fetch...
09-12-2019 09:55:00.423 [Timer-0] INFO  com.pse.notif.types.Notifier - End data fetch.
09-12-2019 09:55:00.424 [Timer-0] INFO  com.pse.notif.types.Notifier - Filtering stocks for cut/break...
09-12-2019 09:55:00.425 [Timer-0] INFO  com.pse.notif.types.Notifier - AGI: 11.16 (0.36%) [735.44K]
09-12-2019 09:55:00.425 [Timer-0] INFO  com.pse.notif.types.Notifier - FGEN: 24.70 (-0.20%) [64.22K]
09-12-2019 09:55:00.426 [Timer-0] INFO  com.pse.notif.types.Notifier - SCC: 20.15 (0.75%) [44.33K] << SELL
09-12-2019 09:55:00.427 [Timer-0] INFO  com.pse.notif.types.Notifier - LTG: 11.40 (-0.87%) [77.52K]
09-12-2019 10:11:40.435 [main] INFO  com.pse.notif.app.PsePushNotifier - Starting PSE Push Notification Service...
09-12-2019 10:11:40.447 [main] INFO  com.pse.notif.app.PsePushNotifier - Loading configuration...
09-12-2019 10:11:40.454 [main] INFO  com.pse.notif.app.PsePushNotifier - Finished loading configuration.
09-12-2019 10:11:40.454 [main] INFO  com.pse.notif.app.PsePushNotifier - Adding notification classes...
09-12-2019 10:11:40.455 [main] INFO  com.pse.notif.types.Notifier - Setting up Open-close Notifier...
09-12-2019 10:11:40.456 [main] INFO  com.pse.notif.types.Notifier - Setting up Cut-break Notifier...
09-12-2019 10:11:40.456 [main] INFO  com.pse.notif.app.PsePushNotifier - Notifiers activated.
09-12-2019 10:11:40.456 [main] INFO  com.pse.notif.app.PsePushNotifier - Scheduling notifications...
09-12-2019 10:11:40.476 [main] INFO  com.pse.notif.app.PsePushNotifier - Running scheduler...
09-12-2019 10:11:40.569 [Timer-0] INFO  com.pse.notif.types.Notifier - Starting data fetch...
09-12-2019 10:11:41.756 [Timer-0] INFO  com.pse.notif.types.Notifier - End data fetch.
09-12-2019 10:11:41.761 [Timer-0] INFO  com.pse.notif.types.Notifier - Starting formatting...
09-12-2019 10:11:41.766 [Timer-0] INFO  com.pse.notif.types.Notifier - Ending formatting.
09-12-2019 10:11:41.766 [Timer-0] INFO  com.pse.notif.types.Notifier - Starting display...
09-12-2019 10:11:42.094 [Timer-0] INFO  com.pse.notif.types.Notifier - Ending display.
09-12-2019 10:11:42.095 [Timer-0] INFO  com.pse.notif.types.Notifier - Starting data fetch...
09-12-2019 10:11:42.967 [Timer-0] INFO  com.pse.notif.types.Notifier - End data fetch.
09-12-2019 10:11:42.967 [Timer-0] INFO  com.pse.notif.types.Notifier - Starting formatting...
09-12-2019 10:11:42.969 [Timer-0] INFO  com.pse.notif.types.Notifier - Ending formatting.
09-12-2019 10:11:42.970 [Timer-0] INFO  com.pse.notif.types.Notifier - Filtering stocks for cut/break...
09-12-2019 10:11:42.971 [Timer-0] INFO  com.pse.notif.types.Notifier - AGI: 11.14 (0.18%) [2.94M]
09-12-2019 10:11:42.972 [Timer-0] INFO  com.pse.notif.types.Notifier - FGEN: 24.65 (-0.40%) [618.72K]
09-12-2019 10:11:42.974 [Timer-0] INFO  com.pse.notif.types.Notifier - SCC: 20.15 (0.75%) [531.96K] << SELL
09-12-2019 10:11:42.976 [Timer-0] INFO  com.pse.notif.types.Notifier - LTG: 11.54 (0.35%) [83.09K] << BUY 
09-12-2019 10:11:42.977 [Timer-0] INFO  com.pse.notif.types.Notifier - Starting display...
09-12-2019 10:11:42.998 [Timer-0] INFO  com.pse.notif.types.Notifier - Ending display.
09-12-2019 10:12:28.757 [main] INFO  com.pse.notif.app.PsePushNotifier - Starting PSE Push Notification Service...
09-12-2019 10:12:28.760 [main] INFO  com.pse.notif.app.PsePushNotifier - Loading configuration...
09-12-2019 10:12:28.764 [main] INFO  com.pse.notif.app.PsePushNotifier - Finished loading configuration.
09-12-2019 10:12:28.764 [main] INFO  com.pse.notif.app.PsePushNotifier - Adding notification classes...
09-12-2019 10:12:28.765 [main] INFO  com.pse.notif.types.Notifier - Setting up Open-close Notifier...
09-12-2019 10:12:28.766 [main] INFO  com.pse.notif.types.Notifier - Setting up Cut-break Notifier...
09-12-2019 10:12:28.766 [main] INFO  com.pse.notif.app.PsePushNotifier - Notifiers activated.
09-12-2019 10:12:28.766 [main] INFO  com.pse.notif.app.PsePushNotifier - Scheduling notifications...
09-12-2019 10:12:28.787 [main] INFO  com.pse.notif.app.PsePushNotifier - Running scheduler...
09-12-2019 10:12:28.882 [Timer-0] INFO  com.pse.notif.types.Notifier - Starting data fetch...
09-12-2019 10:12:29.811 [Timer-0] INFO  com.pse.notif.types.Notifier - End data fetch.
09-12-2019 10:12:29.819 [Timer-0] INFO  com.pse.notif.types.Notifier - Starting formatting...
09-12-2019 10:12:29.829 [Timer-0] INFO  com.pse.notif.types.Notifier - Ending formatting.
09-12-2019 10:12:29.830 [Timer-0] INFO  com.pse.notif.types.Notifier - Starting display...
09-12-2019 10:12:29.917 [Timer-0] INFO  com.pse.notif.types.Notifier - Ending display.
09-12-2019 10:12:29.918 [Timer-0] INFO  com.pse.notif.types.Notifier - Starting data fetch...
09-12-2019 10:12:30.806 [Timer-0] INFO  com.pse.notif.types.Notifier - End data fetch.
09-12-2019 10:12:30.806 [Timer-0] INFO  com.pse.notif.types.Notifier - Starting formatting...
09-12-2019 10:12:30.808 [Timer-0] INFO  com.pse.notif.types.Notifier - Ending formatting.
09-12-2019 10:12:30.809 [Timer-0] INFO  com.pse.notif.types.Notifier - Filtering stocks for cut/break...
09-12-2019 10:12:30.810 [Timer-0] INFO  com.pse.notif.types.Notifier - AGI: 11.14 (0.18%) [2.95M]
09-12-2019 10:12:30.811 [Timer-0] INFO  com.pse.notif.types.Notifier - FGEN: 24.65 (-0.40%) [618.72K]
09-12-2019 10:12:30.812 [Timer-0] INFO  com.pse.notif.types.Notifier - SCC: 20.15 (0.75%) [531.96K] << SELL
09-12-2019 10:12:30.813 [Timer-0] INFO  com.pse.notif.types.Notifier - LTG: 11.54 (0.35%) [83.09K] << BUY 
09-12-2019 10:12:30.813 [Timer-0] INFO  com.pse.notif.types.Notifier - Starting display...
09-12-2019 10:12:30.831 [Timer-0] INFO  com.pse.notif.types.Notifier - Ending display.
09-12-2019 10:17:28.881 [Timer-0] INFO  com.pse.notif.types.Notifier - Starting data fetch...
09-12-2019 10:17:29.809 [Timer-0] INFO  com.pse.notif.types.Notifier - End data fetch.
09-12-2019 10:17:29.809 [Timer-0] INFO  com.pse.notif.types.Notifier - Starting formatting...
09-12-2019 10:17:29.812 [Timer-0] INFO  com.pse.notif.types.Notifier - Ending formatting.
09-12-2019 10:17:29.813 [Timer-0] INFO  com.pse.notif.types.Notifier - Filtering stocks for cut/break...
09-12-2019 10:17:29.814 [Timer-0] INFO  com.pse.notif.types.Notifier - AGI: 11.10 (-0.18%) [3.33M]
09-12-2019 10:17:29.815 [Timer-0] INFO  com.pse.notif.types.Notifier - FGEN: 24.65 (-0.40%) [621.18K]
09-12-2019 10:17:29.816 [Timer-0] INFO  com.pse.notif.types.Notifier - SCC: 20.15 (0.75%) [540.02K] << SELL
09-12-2019 10:17:29.818 [Timer-0] INFO  com.pse.notif.types.Notifier - LTG: 11.54 (0.35%) [102.71K] << BUY 
09-12-2019 10:17:29.818 [Timer-0] INFO  com.pse.notif.types.Notifier - Starting display...
09-12-2019 10:17:29.847 [Timer-0] INFO  com.pse.notif.types.Notifier - Ending display.
09-12-2019 10:22:28.882 [Timer-0] INFO  com.pse.notif.types.Notifier - Starting data fetch...
09-12-2019 10:22:29.969 [Timer-0] INFO  com.pse.notif.types.Notifier - End data fetch.
09-12-2019 10:22:29.970 [Timer-0] INFO  com.pse.notif.types.Notifier - Starting formatting...
09-12-2019 10:22:29.975 [Timer-0] INFO  com.pse.notif.types.Notifier - Ending formatting.
09-12-2019 10:22:29.976 [Timer-0] INFO  com.pse.notif.types.Notifier - Filtering stocks for cut/break...
09-12-2019 10:22:29.978 [Timer-0] INFO  com.pse.notif.types.Notifier - AGI: 11.10 (-0.18%) [3.35M]
09-12-2019 10:22:29.979 [Timer-0] INFO  com.pse.notif.types.Notifier - FGEN: 24.65 (-0.40%) [621.18K]
09-12-2019 10:22:29.981 [Timer-0] INFO  com.pse.notif.types.Notifier - SCC: 20.15 (0.75%) [546.07K] << SELL
09-12-2019 10:22:29.982 [Timer-0] INFO  com.pse.notif.types.Notifier - LTG: 11.54 (0.35%) [102.71K] << BUY 
09-12-2019 10:22:29.982 [Timer-0] INFO  com.pse.notif.types.Notifier - Starting display...
09-12-2019 10:22:30.008 [Timer-0] INFO  com.pse.notif.types.Notifier - Ending display.
09-12-2019 10:27:28.882 [Timer-0] INFO  com.pse.notif.types.Notifier - Starting data fetch...
09-12-2019 10:27:29.883 [Timer-0] INFO  com.pse.notif.types.Notifier - End data fetch.
09-12-2019 10:27:29.884 [Timer-0] INFO  com.pse.notif.types.Notifier - Starting formatting...
09-12-2019 10:27:29.887 [Timer-0] INFO  com.pse.notif.types.Notifier - Ending formatting.
09-12-2019 10:27:29.888 [Timer-0] INFO  com.pse.notif.types.Notifier - Filtering stocks for cut/break...
09-12-2019 10:27:29.889 [Timer-0] INFO  com.pse.notif.types.Notifier - AGI: 11.12 (0.00%) [3.44M]
09-12-2019 10:27:29.891 [Timer-0] INFO  com.pse.notif.types.Notifier - FGEN: 24.60 (-0.61%) [639.6K]
09-12-2019 10:27:29.893 [Timer-0] INFO  com.pse.notif.types.Notifier - SCC: 20.15 (0.75%) [550.1K] << SELL
09-12-2019 10:27:29.894 [Timer-0] INFO  com.pse.notif.types.Notifier - LTG: 11.60 (0.87%) [110.2K] << BUY 
09-12-2019 10:27:29.894 [Timer-0] INFO  com.pse.notif.types.Notifier - Starting display...
09-12-2019 10:27:29.919 [Timer-0] INFO  com.pse.notif.types.Notifier - Ending display.
09-12-2019 10:32:28.881 [Timer-0] INFO  com.pse.notif.types.Notifier - Starting data fetch...
09-12-2019 10:32:29.973 [Timer-0] INFO  com.pse.notif.types.Notifier - End data fetch.
09-12-2019 10:32:29.974 [Timer-0] INFO  com.pse.notif.types.Notifier - Starting formatting...
09-12-2019 10:32:29.974 [Timer-0] INFO  com.pse.notif.types.Notifier - Ending formatting.
09-12-2019 10:32:29.974 [Timer-0] INFO  com.pse.notif.types.Notifier - Filtering stocks for cut/break...
09-12-2019 10:32:29.975 [Timer-0] INFO  com.pse.notif.types.Notifier - AGI: 11.14 (0.18%) [4.37M]
09-12-2019 10:32:29.975 [Timer-0] INFO  com.pse.notif.types.Notifier - FGEN: 24.50 (-1.01%) [644.35K]
09-12-2019 10:32:29.976 [Timer-0] INFO  com.pse.notif.types.Notifier - SCC: 20.15 (1.00%) [554.12K] << SELL
09-12-2019 10:32:29.976 [Timer-0] INFO  com.pse.notif.types.Notifier - LTG: 11.60 (0.87%) [117.16K] << BUY 
09-12-2019 10:32:29.977 [Timer-0] INFO  com.pse.notif.types.Notifier - Starting display...
09-12-2019 10:32:30.003 [Timer-0] INFO  com.pse.notif.types.Notifier - Ending display.
09-12-2019 10:37:28.881 [Timer-0] INFO  com.pse.notif.types.Notifier - Starting data fetch...
09-12-2019 10:37:29.862 [Timer-0] INFO  com.pse.notif.types.Notifier - End data fetch.
09-12-2019 10:37:29.863 [Timer-0] INFO  com.pse.notif.types.Notifier - Starting formatting...
09-12-2019 10:37:29.865 [Timer-0] INFO  com.pse.notif.types.Notifier - Ending formatting.
09-12-2019 10:37:29.866 [Timer-0] INFO  com.pse.notif.types.Notifier - Filtering stocks for cut/break...
09-12-2019 10:37:29.867 [Timer-0] INFO  com.pse.notif.types.Notifier - AGI: 11.12 (0.00%) [4.68M]
09-12-2019 10:37:29.868 [Timer-0] INFO  com.pse.notif.types.Notifier - FGEN: 24.50 (-1.01%) [644.35K]
09-12-2019 10:37:29.868 [Timer-0] INFO  com.pse.notif.types.Notifier - SCC: 20.20 (1.00%) [781.74K] << SELL
09-12-2019 10:37:29.869 [Timer-0] INFO  com.pse.notif.types.Notifier - LTG: 11.62 (1.04%) [128.98K] << BUY 
09-12-2019 10:37:29.869 [Timer-0] INFO  com.pse.notif.types.Notifier - Starting display...
09-12-2019 10:37:29.893 [Timer-0] INFO  com.pse.notif.types.Notifier - Ending display.
09-12-2019 10:42:28.881 [Timer-0] INFO  com.pse.notif.types.Notifier - Starting data fetch...
09-12-2019 10:42:30.368 [Timer-0] INFO  com.pse.notif.types.Notifier - End data fetch.
09-12-2019 10:42:30.369 [Timer-0] INFO  com.pse.notif.types.Notifier - Starting formatting...
09-12-2019 10:42:30.371 [Timer-0] INFO  com.pse.notif.types.Notifier - Ending formatting.
09-12-2019 10:42:30.372 [Timer-0] INFO  com.pse.notif.types.Notifier - Filtering stocks for cut/break...
09-12-2019 10:42:30.373 [Timer-0] INFO  com.pse.notif.types.Notifier - AGI: 11.12 (0.00%) [5.49M]
09-12-2019 10:42:30.374 [Timer-0] INFO  com.pse.notif.types.Notifier - FGEN: 24.25 (-2.02%) [926.35K]
09-12-2019 10:42:30.376 [Timer-0] INFO  com.pse.notif.types.Notifier - SCC: 20.20 (1.75%) [793.86K] << SELL
09-12-2019 10:42:30.377 [Timer-0] INFO  com.pse.notif.types.Notifier - LTG: 11.68 (1.57%) [462.53K] << BUY 
09-12-2019 10:42:30.378 [Timer-0] INFO  com.pse.notif.types.Notifier - Starting display...
09-12-2019 10:42:30.407 [Timer-0] INFO  com.pse.notif.types.Notifier - Ending display.
09-12-2019 10:47:28.881 [Timer-0] INFO  com.pse.notif.types.Notifier - Starting data fetch...
09-12-2019 10:47:39.918 [Timer-0] ERROR com.pse.notif.types.Notifier - Cannot connect: http://phisix-api2.appspot.com/stocks/AGI.json
09-12-2019 10:47:39.920 [Timer-0] ERROR com.pse.notif.types.Notifier - Cannot connect: http://phisix-api2.appspot.com/stocks/FGEN.json
09-12-2019 10:47:39.921 [Timer-0] ERROR com.pse.notif.types.Notifier - Cannot connect: http://phisix-api2.appspot.com/stocks/SCC.json
09-12-2019 10:47:39.922 [Timer-0] ERROR com.pse.notif.types.Notifier - Cannot connect: http://phisix-api2.appspot.com/stocks/LTG.json
09-12-2019 10:47:39.922 [Timer-0] INFO  com.pse.notif.types.Notifier - End data fetch.
09-12-2019 10:47:39.923 [Timer-0] INFO  com.pse.notif.types.Notifier - Starting formatting...
09-12-2019 10:47:39.923 [Timer-0] INFO  com.pse.notif.types.Notifier - Ending formatting.
09-12-2019 10:47:39.923 [Timer-0] INFO  com.pse.notif.types.Notifier - Filtering stocks for cut/break...
09-12-2019 10:47:39.924 [Timer-0] INFO  com.pse.notif.types.Notifier - AGI: 11.12 (0.00%) [5.49M]
09-12-2019 10:47:39.924 [Timer-0] INFO  com.pse.notif.types.Notifier - FGEN: 24.25 (-2.02%) [926.35K]
09-12-2019 10:47:39.925 [Timer-0] INFO  com.pse.notif.types.Notifier - SCC: 20.20 (1.75%) [793.86K] << SELL
09-12-2019 10:47:39.926 [Timer-0] INFO  com.pse.notif.types.Notifier - LTG: 11.68 (1.57%) [462.53K] << BUY 
09-12-2019 10:47:39.926 [Timer-0] INFO  com.pse.notif.types.Notifier - Starting display...
09-12-2019 10:47:39.950 [Timer-0] INFO  com.pse.notif.types.Notifier - Ending display.
09-12-2019 10:52:28.882 [Timer-0] INFO  com.pse.notif.types.Notifier - Starting data fetch...
09-12-2019 10:52:31.988 [Timer-0] INFO  com.pse.notif.types.Notifier - End data fetch.
09-12-2019 10:52:31.989 [Timer-0] INFO  com.pse.notif.types.Notifier - Starting formatting...
09-12-2019 10:52:31.993 [Timer-0] INFO  com.pse.notif.types.Notifier - Ending formatting.
09-12-2019 10:52:31.994 [Timer-0] INFO  com.pse.notif.types.Notifier - Filtering stocks for cut/break...
09-12-2019 10:52:31.996 [Timer-0] INFO  com.pse.notif.types.Notifier - AGI: 11.12 (0.00%) [5.54M]
09-12-2019 10:52:31.998 [Timer-0] INFO  com.pse.notif.types.Notifier - FGEN: 24.50 (-1.01%) [938.35K]
09-12-2019 10:52:31.999 [Timer-0] INFO  com.pse.notif.types.Notifier - SCC: 20.25 (1.25%) [1.08M] << SELL
09-12-2019 10:52:32.002 [Timer-0] INFO  com.pse.notif.types.Notifier - LTG: 11.76 (2.09%) [698.54K] << BUY 
09-12-2019 10:52:32.002 [Timer-0] INFO  com.pse.notif.types.Notifier - Starting display...
09-12-2019 10:52:32.032 [Timer-0] INFO  com.pse.notif.types.Notifier - Ending display.
09-12-2019 10:57:28.881 [Timer-0] INFO  com.pse.notif.types.Notifier - Starting data fetch...
09-12-2019 10:57:29.865 [Timer-0] INFO  com.pse.notif.types.Notifier - End data fetch.
09-12-2019 10:57:29.865 [Timer-0] INFO  com.pse.notif.types.Notifier - Starting formatting...
09-12-2019 10:57:29.868 [Timer-0] INFO  com.pse.notif.types.Notifier - Ending formatting.
09-12-2019 10:57:29.869 [Timer-0] INFO  com.pse.notif.types.Notifier - Filtering stocks for cut/break...
09-12-2019 10:57:29.870 [Timer-0] INFO  com.pse.notif.types.Notifier - AGI: 11.12 (0.00%) [5.56M]
09-12-2019 10:57:29.870 [Timer-0] INFO  com.pse.notif.types.Notifier - FGEN: 24.45 (-1.21%) [936.43K]
09-12-2019 10:57:29.871 [Timer-0] INFO  com.pse.notif.types.Notifier - SCC: 20.25 (1.25%) [1.08M] << SELL
09-12-2019 10:57:29.871 [Timer-0] INFO  com.pse.notif.types.Notifier - LTG: 11.76 (2.26%) [1.33M] << BUY 
09-12-2019 10:57:29.872 [Timer-0] INFO  com.pse.notif.types.Notifier - Starting display...
09-12-2019 10:57:29.896 [Timer-0] INFO  com.pse.notif.types.Notifier - Ending display.
09-12-2019 11:02:28.882 [Timer-0] INFO  com.pse.notif.types.Notifier - Starting data fetch...
09-12-2019 11:02:29.927 [Timer-0] INFO  com.pse.notif.types.Notifier - End data fetch.
09-12-2019 11:02:29.928 [Timer-0] INFO  com.pse.notif.types.Notifier - Starting formatting...
09-12-2019 11:02:29.929 [Timer-0] INFO  com.pse.notif.types.Notifier - Ending formatting.
09-12-2019 11:02:29.929 [Timer-0] INFO  com.pse.notif.types.Notifier - Filtering stocks for cut/break...
09-12-2019 11:02:29.931 [Timer-0] INFO  com.pse.notif.types.Notifier - AGI: 11.12 (0.00%) [5.58M]
09-12-2019 11:02:29.932 [Timer-0] INFO  com.pse.notif.types.Notifier - FGEN: 24.30 (-1.82%) [1.01M]
09-12-2019 11:02:29.933 [Timer-0] INFO  com.pse.notif.types.Notifier - SCC: 20.25 (1.25%) [1.1M] << SELL
09-12-2019 11:02:29.934 [Timer-0] INFO  com.pse.notif.types.Notifier - LTG: 11.80 (2.61%) [1.82M] << BUY 
09-12-2019 11:02:29.934 [Timer-0] INFO  com.pse.notif.types.Notifier - Starting display...
09-12-2019 11:02:29.959 [Timer-0] INFO  com.pse.notif.types.Notifier - Ending display.
09-12-2019 11:07:28.881 [Timer-0] INFO  com.pse.notif.types.Notifier - Starting data fetch...
09-12-2019 11:07:30.057 [Timer-0] INFO  com.pse.notif.types.Notifier - End data fetch.
09-12-2019 11:07:30.057 [Timer-0] INFO  com.pse.notif.types.Notifier - Starting formatting...
09-12-2019 11:07:30.058 [Timer-0] INFO  com.pse.notif.types.Notifier - Ending formatting.
09-12-2019 11:07:30.059 [Timer-0] INFO  com.pse.notif.types.Notifier - Filtering stocks for cut/break...
09-12-2019 11:07:30.061 [Timer-0] INFO  com.pse.notif.types.Notifier - AGI: 11.12 (0.00%) [5.59M]
09-12-2019 11:07:30.062 [Timer-0] INFO  com.pse.notif.types.Notifier - FGEN: 24.35 (-1.62%) [1.1M]
09-12-2019 11:07:30.063 [Timer-0] INFO  com.pse.notif.types.Notifier - SCC: 20.20 (1.00%) [1.28M] << SELL
09-12-2019 11:07:30.064 [Timer-0] INFO  com.pse.notif.types.Notifier - LTG: 11.78 (2.43%) [1.9M] << BUY 
09-12-2019 11:07:30.064 [Timer-0] INFO  com.pse.notif.types.Notifier - Starting display...
09-12-2019 11:07:30.091 [Timer-0] INFO  com.pse.notif.types.Notifier - Ending display.
