09-12-2019 11:29:14.930 [main] INFO  com.pse.notif.app.PsePushNotifier - Starting PSE Push Notification Service...
09-12-2019 11:29:14.937 [main] INFO  com.pse.notif.app.PsePushNotifier - Loading configuration...
09-12-2019 11:29:14.940 [main] INFO  com.pse.notif.app.PsePushNotifier - Finished loading configuration.
09-12-2019 11:29:14.941 [main] INFO  com.pse.notif.app.PsePushNotifier - Adding notification classes...
09-12-2019 11:29:14.942 [main] INFO  com.pse.notif.types.Notifier - Setting up Open-close Notifier...
09-12-2019 11:29:14.942 [main] INFO  com.pse.notif.types.Notifier - Setting up Cut-break Notifier...
09-12-2019 11:29:14.942 [main] INFO  com.pse.notif.app.PsePushNotifier - Notifiers activated.
09-12-2019 11:29:14.943 [main] INFO  com.pse.notif.app.PsePushNotifier - Scheduling notifications...
09-12-2019 11:29:14.964 [main] INFO  com.pse.notif.app.PsePushNotifier - Running scheduler...
09-12-2019 11:29:14.981 [Timer-0] INFO  com.pse.notif.types.Notifier - Starting data fetch...
09-12-2019 11:29:16.141 [Timer-0] INFO  com.pse.notif.types.Notifier - End data fetch.
09-12-2019 11:29:16.152 [Timer-0] INFO  com.pse.notif.types.Notifier - Starting formatting...
09-12-2019 11:29:16.157 [Timer-0] INFO  com.pse.notif.types.Notifier - Ending formatting.
09-12-2019 11:29:16.157 [Timer-0] INFO  com.pse.notif.types.Notifier - Starting display...
09-12-2019 11:29:16.250 [Timer-0] INFO  com.pse.notif.types.Notifier - Ending display.
09-12-2019 11:29:16.251 [Timer-0] INFO  com.pse.notif.types.Notifier - Starting data fetch...
09-12-2019 11:29:17.178 [Timer-0] INFO  com.pse.notif.types.Notifier - End data fetch.
09-12-2019 11:29:17.178 [Timer-0] INFO  com.pse.notif.types.Notifier - Starting formatting...
09-12-2019 11:29:17.179 [Timer-0] INFO  com.pse.notif.types.Notifier - Ending formatting.
09-12-2019 11:29:17.179 [Timer-0] INFO  com.pse.notif.types.Notifier - Filtering stocks for cut/break...
09-12-2019 11:29:17.179 [Timer-0] INFO  com.pse.notif.types.Notifier - AGI: 11.12 (0.00%) [7.6M]
09-12-2019 11:29:17.180 [Timer-0] INFO  com.pse.notif.types.Notifier - FGEN: 24.30 (-1.82%) [1.17M]
09-12-2019 11:29:17.180 [Timer-0] INFO  com.pse.notif.types.Notifier - SCC: 20.25 (1.00%) [1.92M] << SELL
09-12-2019 11:29:17.181 [Timer-0] INFO  com.pse.notif.types.Notifier - LTG: 11.74 (2.09%) [2.99M] << BUY 
09-12-2019 11:29:17.181 [Timer-0] INFO  com.pse.notif.types.Notifier - Starting display...
09-12-2019 11:29:17.197 [Timer-0] INFO  com.pse.notif.types.Notifier - Ending display.
09-12-2019 11:34:14.985 [Timer-0] INFO  com.pse.notif.types.Notifier - Starting data fetch...
09-12-2019 11:34:16.019 [Timer-0] INFO  com.pse.notif.types.Notifier - End data fetch.
09-12-2019 11:34:16.019 [Timer-0] INFO  com.pse.notif.types.Notifier - Starting formatting...
09-12-2019 11:34:16.024 [Timer-0] INFO  com.pse.notif.types.Notifier - Ending formatting.
09-12-2019 11:34:16.024 [Timer-0] INFO  com.pse.notif.types.Notifier - Filtering stocks for cut/break...
09-12-2019 11:34:16.025 [Timer-0] INFO  com.pse.notif.types.Notifier - AGI: 11.10 (-0.18%) [7.89M]
09-12-2019 11:34:16.025 [Timer-0] INFO  com.pse.notif.types.Notifier - FGEN: 24.25 (-2.02%) [1.23M]
09-12-2019 11:34:16.025 [Timer-0] INFO  com.pse.notif.types.Notifier - SCC: 20.20 (1.00%) [1.92M] << SELL
09-12-2019 11:34:16.025 [Timer-0] INFO  com.pse.notif.types.Notifier - LTG: 11.74 (2.09%) [3.03M] << BUY 
09-12-2019 11:34:16.025 [Timer-0] INFO  com.pse.notif.types.Notifier - Starting display...
09-12-2019 11:34:16.040 [Timer-0] INFO  com.pse.notif.types.Notifier - Ending display.
09-12-2019 11:39:14.974 [Timer-0] INFO  com.pse.notif.types.Notifier - Starting data fetch...
09-12-2019 11:39:15.997 [Timer-0] INFO  com.pse.notif.types.Notifier - End data fetch.
09-12-2019 11:39:15.998 [Timer-0] INFO  com.pse.notif.types.Notifier - Starting formatting...
09-12-2019 11:39:15.999 [Timer-0] INFO  com.pse.notif.types.Notifier - Ending formatting.
09-12-2019 11:39:15.999 [Timer-0] INFO  com.pse.notif.types.Notifier - Filtering stocks for cut/break...
09-12-2019 11:39:16.001 [Timer-0] INFO  com.pse.notif.types.Notifier - AGI: 11.10 (-0.18%) [8.06M]
09-12-2019 11:39:16.002 [Timer-0] INFO  com.pse.notif.types.Notifier - FGEN: 24.25 (-2.02%) [1.63M]
09-12-2019 11:39:16.002 [Timer-0] INFO  com.pse.notif.types.Notifier - SCC: 20.25 (1.25%) [2.43M] << SELL
09-12-2019 11:39:16.003 [Timer-0] INFO  com.pse.notif.types.Notifier - LTG: 11.74 (2.09%) [3.03M] << BUY 
09-12-2019 11:39:16.003 [Timer-0] INFO  com.pse.notif.types.Notifier - Starting display...
09-12-2019 11:39:16.027 [Timer-0] INFO  com.pse.notif.types.Notifier - Ending display.
09-12-2019 11:44:14.974 [Timer-0] INFO  com.pse.notif.types.Notifier - Starting data fetch...
09-12-2019 11:44:26.014 [Timer-0] ERROR com.pse.notif.types.Notifier - Cannot connect: http://phisix-api2.appspot.com/stocks/AGI.json
09-12-2019 11:44:26.014 [Timer-0] ERROR com.pse.notif.types.Notifier - Cannot connect: http://phisix-api2.appspot.com/stocks/FGEN.json
09-12-2019 11:44:26.015 [Timer-0] ERROR com.pse.notif.types.Notifier - Cannot connect: http://phisix-api2.appspot.com/stocks/SCC.json
09-12-2019 11:44:26.016 [Timer-0] ERROR com.pse.notif.types.Notifier - Cannot connect: http://phisix-api2.appspot.com/stocks/LTG.json
09-12-2019 11:44:26.016 [Timer-0] INFO  com.pse.notif.types.Notifier - End data fetch.
09-12-2019 11:44:26.016 [Timer-0] INFO  com.pse.notif.types.Notifier - Starting formatting...
09-12-2019 11:44:26.018 [Timer-0] INFO  com.pse.notif.types.Notifier - Ending formatting.
09-12-2019 11:44:26.018 [Timer-0] INFO  com.pse.notif.types.Notifier - Filtering stocks for cut/break...
09-12-2019 11:44:26.019 [Timer-0] INFO  com.pse.notif.types.Notifier - AGI: 11.10 (-0.18%) [8.06M]
09-12-2019 11:44:26.020 [Timer-0] INFO  com.pse.notif.types.Notifier - FGEN: 24.25 (-2.02%) [1.63M]
09-12-2019 11:44:26.021 [Timer-0] INFO  com.pse.notif.types.Notifier - SCC: 20.25 (1.25%) [2.43M] << SELL
09-12-2019 11:44:26.021 [Timer-0] INFO  com.pse.notif.types.Notifier - LTG: 11.74 (2.09%) [3.03M] << BUY 
09-12-2019 11:44:26.021 [Timer-0] INFO  com.pse.notif.types.Notifier - Starting display...
09-12-2019 11:44:26.046 [Timer-0] INFO  com.pse.notif.types.Notifier - Ending display.
09-12-2019 11:49:14.973 [Timer-0] INFO  com.pse.notif.types.Notifier - Starting data fetch...
09-12-2019 11:49:26.012 [Timer-0] ERROR com.pse.notif.types.Notifier - Cannot connect: http://phisix-api2.appspot.com/stocks/AGI.json
09-12-2019 11:49:26.014 [Timer-0] ERROR com.pse.notif.types.Notifier - Cannot connect: http://phisix-api2.appspot.com/stocks/FGEN.json
09-12-2019 11:49:26.015 [Timer-0] ERROR com.pse.notif.types.Notifier - Cannot connect: http://phisix-api2.appspot.com/stocks/SCC.json
09-12-2019 11:49:26.016 [Timer-0] ERROR com.pse.notif.types.Notifier - Cannot connect: http://phisix-api2.appspot.com/stocks/LTG.json
09-12-2019 11:49:26.016 [Timer-0] INFO  com.pse.notif.types.Notifier - End data fetch.
09-12-2019 11:49:26.016 [Timer-0] INFO  com.pse.notif.types.Notifier - Starting formatting...
09-12-2019 11:49:26.017 [Timer-0] INFO  com.pse.notif.types.Notifier - Ending formatting.
09-12-2019 11:49:26.017 [Timer-0] INFO  com.pse.notif.types.Notifier - Filtering stocks for cut/break...
09-12-2019 11:49:26.019 [Timer-0] INFO  com.pse.notif.types.Notifier - AGI: 11.10 (-0.18%) [8.06M]
09-12-2019 11:49:26.020 [Timer-0] INFO  com.pse.notif.types.Notifier - FGEN: 24.25 (-2.02%) [1.63M]
09-12-2019 11:49:26.021 [Timer-0] INFO  com.pse.notif.types.Notifier - SCC: 20.25 (1.25%) [2.43M] << SELL
09-12-2019 11:49:26.022 [Timer-0] INFO  com.pse.notif.types.Notifier - LTG: 11.74 (2.09%) [3.03M] << BUY 
09-12-2019 11:49:26.023 [Timer-0] INFO  com.pse.notif.types.Notifier - Starting display...
09-12-2019 11:49:26.073 [Timer-0] INFO  com.pse.notif.types.Notifier - Ending display.
09-12-2019 11:54:14.974 [Timer-0] INFO  com.pse.notif.types.Notifier - Starting data fetch...
09-12-2019 11:54:16.074 [Timer-0] INFO  com.pse.notif.types.Notifier - End data fetch.
09-12-2019 11:54:16.074 [Timer-0] INFO  com.pse.notif.types.Notifier - Starting formatting...
09-12-2019 11:54:16.075 [Timer-0] INFO  com.pse.notif.types.Notifier - Ending formatting.
09-12-2019 11:54:16.075 [Timer-0] INFO  com.pse.notif.types.Notifier - Filtering stocks for cut/break...
09-12-2019 11:54:16.075 [Timer-0] INFO  com.pse.notif.types.Notifier - AGI: 11.10 (-0.18%) [9.29M]
09-12-2019 11:54:16.076 [Timer-0] INFO  com.pse.notif.types.Notifier - FGEN: 24.40 (-1.41%) [1.72M]
09-12-2019 11:54:16.076 [Timer-0] INFO  com.pse.notif.types.Notifier - SCC: 20.25 (1.25%) [2.59M] << SELL
09-12-2019 11:54:16.077 [Timer-0] INFO  com.pse.notif.types.Notifier - LTG: 11.76 (2.26%) [3.15M] << BUY 
09-12-2019 11:54:16.077 [Timer-0] INFO  com.pse.notif.types.Notifier - Starting display...
09-12-2019 11:54:16.101 [Timer-0] INFO  com.pse.notif.types.Notifier - Ending display.
09-12-2019 11:59:14.974 [Timer-0] INFO  com.pse.notif.types.Notifier - Starting data fetch...
09-12-2019 11:59:16.137 [Timer-0] INFO  com.pse.notif.types.Notifier - End data fetch.
09-12-2019 11:59:16.138 [Timer-0] INFO  com.pse.notif.types.Notifier - Starting formatting...
09-12-2019 11:59:16.139 [Timer-0] INFO  com.pse.notif.types.Notifier - Ending formatting.
09-12-2019 11:59:16.140 [Timer-0] INFO  com.pse.notif.types.Notifier - Filtering stocks for cut/break...
09-12-2019 11:59:16.141 [Timer-0] INFO  com.pse.notif.types.Notifier - AGI: 11.10 (-0.18%) [9.76M]
09-12-2019 11:59:16.142 [Timer-0] INFO  com.pse.notif.types.Notifier - FGEN: 24.40 (-1.21%) [1.8M]
09-12-2019 11:59:16.142 [Timer-0] INFO  com.pse.notif.types.Notifier - SCC: 20.20 (1.00%) [2.63M] << SELL
09-12-2019 11:59:16.143 [Timer-0] INFO  com.pse.notif.types.Notifier - LTG: 11.74 (2.09%) [3.66M] << BUY 
09-12-2019 11:59:16.143 [Timer-0] INFO  com.pse.notif.types.Notifier - Starting display...
09-12-2019 11:59:16.167 [Timer-0] INFO  com.pse.notif.types.Notifier - Ending display.
09-12-2019 12:04:14.973 [Timer-0] INFO  com.pse.notif.types.Notifier - Starting data fetch...
09-12-2019 12:04:16.062 [Timer-0] INFO  com.pse.notif.types.Notifier - End data fetch.
09-12-2019 12:04:16.062 [Timer-0] INFO  com.pse.notif.types.Notifier - Starting formatting...
09-12-2019 12:04:16.063 [Timer-0] INFO  com.pse.notif.types.Notifier - Ending formatting.
09-12-2019 12:04:16.064 [Timer-0] INFO  com.pse.notif.types.Notifier - Filtering stocks for cut/break...
09-12-2019 12:04:16.065 [Timer-0] INFO  com.pse.notif.types.Notifier - AGI: 11.10 (-0.18%) [9.85M]
09-12-2019 12:04:16.067 [Timer-0] INFO  com.pse.notif.types.Notifier - FGEN: 24.45 (-1.21%) [1.82M]
09-12-2019 12:04:16.067 [Timer-0] INFO  com.pse.notif.types.Notifier - SCC: 20.20 (1.00%) [2.63M] << SELL
09-12-2019 12:04:16.068 [Timer-0] INFO  com.pse.notif.types.Notifier - LTG: 11.74 (2.09%) [3.8M] << BUY 
09-12-2019 12:04:16.068 [Timer-0] INFO  com.pse.notif.types.Notifier - Starting display...
09-12-2019 12:04:16.092 [Timer-0] INFO  com.pse.notif.types.Notifier - Ending display.
09-12-2019 12:04:16.093 [Timer-0] INFO  com.pse.notif.app.PsePushNotifier - Lunch Time!
09-12-2019 12:04:16.106 [Timer-0] INFO  com.pse.notif.app.PsePushNotifier - Delaying run by 85 minute/s.
09-12-2019 13:29:59.109 [Timer-1] INFO  com.pse.notif.types.Notifier - Starting data fetch...
09-12-2019 13:30:00.122 [Timer-1] INFO  com.pse.notif.types.Notifier - End data fetch.
09-12-2019 13:30:00.122 [Timer-1] INFO  com.pse.notif.types.Notifier - Starting formatting...
09-12-2019 13:30:00.124 [Timer-1] INFO  com.pse.notif.types.Notifier - Ending formatting.
09-12-2019 13:30:00.124 [Timer-1] INFO  com.pse.notif.types.Notifier - Filtering stocks for cut/break...
09-12-2019 13:30:00.127 [Timer-1] INFO  com.pse.notif.types.Notifier - AGI: 11.10 (-0.18%) [9.85M]
09-12-2019 13:30:00.128 [Timer-1] INFO  com.pse.notif.types.Notifier - FGEN: 24.45 (-1.21%) [1.82M]
09-12-2019 13:30:00.129 [Timer-1] INFO  com.pse.notif.types.Notifier - SCC: 20.20 (1.00%) [2.63M] << SELL
09-12-2019 13:30:00.130 [Timer-1] INFO  com.pse.notif.types.Notifier - LTG: 11.74 (2.09%) [3.8M] << BUY 
09-12-2019 13:30:00.130 [Timer-1] INFO  com.pse.notif.types.Notifier - Starting display...
09-12-2019 13:30:00.237 [Timer-1] INFO  com.pse.notif.types.Notifier - Ending display.
09-12-2019 13:34:59.107 [Timer-1] INFO  com.pse.notif.types.Notifier - Starting data fetch...
09-12-2019 13:35:00.186 [Timer-1] INFO  com.pse.notif.types.Notifier - End data fetch.
09-12-2019 13:35:00.186 [Timer-1] INFO  com.pse.notif.types.Notifier - Starting formatting...
09-12-2019 13:35:00.188 [Timer-1] INFO  com.pse.notif.types.Notifier - Ending formatting.
09-12-2019 13:35:00.189 [Timer-1] INFO  com.pse.notif.types.Notifier - Filtering stocks for cut/break...
09-12-2019 13:35:00.190 [Timer-1] INFO  com.pse.notif.types.Notifier - AGI: 11.10 (-0.18%) [10.2M]
09-12-2019 13:35:00.191 [Timer-1] INFO  com.pse.notif.types.Notifier - FGEN: 24.50 (-1.01%) [1.86M]
09-12-2019 13:35:00.192 [Timer-1] INFO  com.pse.notif.types.Notifier - SCC: 20.20 (1.50%) [2.76M] << SELL
09-12-2019 13:35:00.192 [Timer-1] INFO  com.pse.notif.types.Notifier - LTG: 11.74 (2.09%) [4.03M] << BUY 
09-12-2019 13:35:00.192 [Timer-1] INFO  com.pse.notif.types.Notifier - Starting display...
09-12-2019 13:35:00.217 [Timer-1] INFO  com.pse.notif.types.Notifier - Ending display.
09-12-2019 13:39:59.107 [Timer-1] INFO  com.pse.notif.types.Notifier - Starting data fetch...
09-12-2019 13:40:02.599 [Timer-1] INFO  com.pse.notif.types.Notifier - End data fetch.
09-12-2019 13:40:02.600 [Timer-1] INFO  com.pse.notif.types.Notifier - Starting formatting...
09-12-2019 13:40:02.601 [Timer-1] INFO  com.pse.notif.types.Notifier - Ending formatting.
09-12-2019 13:40:02.601 [Timer-1] INFO  com.pse.notif.types.Notifier - Filtering stocks for cut/break...
09-12-2019 13:40:02.603 [Timer-1] INFO  com.pse.notif.types.Notifier - AGI: 11.10 (-0.18%) [10.5M]
09-12-2019 13:40:02.603 [Timer-1] INFO  com.pse.notif.types.Notifier - FGEN: 24.50 (-1.01%) [1.86M]
09-12-2019 13:40:02.605 [Timer-1] INFO  com.pse.notif.types.Notifier - SCC: 20.20 (1.00%) [4.18M] << SELL
09-12-2019 13:40:02.607 [Timer-1] INFO  com.pse.notif.types.Notifier - LTG: 11.74 (2.09%) [4.03M] << BUY 
09-12-2019 13:40:02.607 [Timer-1] INFO  com.pse.notif.types.Notifier - Starting display...
09-12-2019 13:40:02.634 [Timer-1] INFO  com.pse.notif.types.Notifier - Ending display.
09-12-2019 13:44:59.107 [Timer-1] INFO  com.pse.notif.types.Notifier - Starting data fetch...
09-12-2019 13:45:10.097 [Timer-1] INFO  com.pse.notif.types.Notifier - End data fetch.
09-12-2019 13:45:10.097 [Timer-1] INFO  com.pse.notif.types.Notifier - Starting formatting...
09-12-2019 13:45:10.098 [Timer-1] INFO  com.pse.notif.types.Notifier - Ending formatting.
09-12-2019 13:45:10.099 [Timer-1] INFO  com.pse.notif.types.Notifier - Filtering stocks for cut/break...
09-12-2019 13:45:10.100 [Timer-1] INFO  com.pse.notif.types.Notifier - AGI: 11.10 (-0.18%) [10.59M]
09-12-2019 13:45:10.101 [Timer-1] INFO  com.pse.notif.types.Notifier - FGEN: 24.50 (-1.01%) [1.86M]
09-12-2019 13:45:10.102 [Timer-1] INFO  com.pse.notif.types.Notifier - SCC: 20.20 (1.00%) [4.2M] << SELL
09-12-2019 13:45:10.102 [Timer-1] INFO  com.pse.notif.types.Notifier - LTG: 11.74 (2.09%) [4.03M] << BUY 
09-12-2019 13:45:10.102 [Timer-1] INFO  com.pse.notif.types.Notifier - Starting display...
09-12-2019 13:45:10.126 [Timer-1] INFO  com.pse.notif.types.Notifier - Ending display.
09-12-2019 13:49:59.108 [Timer-1] INFO  com.pse.notif.types.Notifier - Starting data fetch...
09-12-2019 13:50:00.170 [Timer-1] INFO  com.pse.notif.types.Notifier - End data fetch.
09-12-2019 13:50:00.170 [Timer-1] INFO  com.pse.notif.types.Notifier - Starting formatting...
09-12-2019 13:50:00.172 [Timer-1] INFO  com.pse.notif.types.Notifier - Ending formatting.
09-12-2019 13:50:00.172 [Timer-1] INFO  com.pse.notif.types.Notifier - Filtering stocks for cut/break...
09-12-2019 13:50:00.173 [Timer-1] INFO  com.pse.notif.types.Notifier - AGI: 11.10 (-0.18%) [10.71M]
09-12-2019 13:50:00.174 [Timer-1] INFO  com.pse.notif.types.Notifier - FGEN: 24.55 (-0.81%) [2.36M]
09-12-2019 13:50:00.175 [Timer-1] INFO  com.pse.notif.types.Notifier - SCC: 20.20 (1.00%) [4.21M] << SELL
09-12-2019 13:50:00.175 [Timer-1] INFO  com.pse.notif.types.Notifier - LTG: 11.76 (2.26%) [4.25M] << BUY 
09-12-2019 13:50:00.176 [Timer-1] INFO  com.pse.notif.types.Notifier - Starting display...
09-12-2019 13:50:00.200 [Timer-1] INFO  com.pse.notif.types.Notifier - Ending display.
09-12-2019 13:54:59.107 [Timer-1] INFO  com.pse.notif.types.Notifier - Starting data fetch...
09-12-2019 13:55:00.186 [Timer-1] INFO  com.pse.notif.types.Notifier - End data fetch.
09-12-2019 13:55:00.186 [Timer-1] INFO  com.pse.notif.types.Notifier - Starting formatting...
09-12-2019 13:55:00.188 [Timer-1] INFO  com.pse.notif.types.Notifier - Ending formatting.
09-12-2019 13:55:00.188 [Timer-1] INFO  com.pse.notif.types.Notifier - Filtering stocks for cut/break...
09-12-2019 13:55:00.189 [Timer-1] INFO  com.pse.notif.types.Notifier - AGI: 11.10 (-0.18%) [11.13M]
09-12-2019 13:55:00.190 [Timer-1] INFO  com.pse.notif.types.Notifier - FGEN: 24.50 (-1.01%) [2.41M]
09-12-2019 13:55:00.191 [Timer-1] INFO  com.pse.notif.types.Notifier - SCC: 20.20 (1.00%) [4.21M] << SELL
09-12-2019 13:55:00.192 [Timer-1] INFO  com.pse.notif.types.Notifier - LTG: 11.76 (2.26%) [4.25M] << BUY 
09-12-2019 13:55:00.192 [Timer-1] INFO  com.pse.notif.types.Notifier - Starting display...
09-12-2019 13:55:00.223 [Timer-1] INFO  com.pse.notif.types.Notifier - Ending display.
09-12-2019 13:59:59.107 [Timer-1] INFO  com.pse.notif.types.Notifier - Starting data fetch...
09-12-2019 13:59:59.108 [Timer-1] ERROR com.pse.notif.types.Notifier - Cannot connect: http://phisix-api2.appspot.com/stocks/AGI.json
09-12-2019 13:59:59.108 [Timer-1] ERROR com.pse.notif.types.Notifier - Cannot connect: http://phisix-api2.appspot.com/stocks/FGEN.json
09-12-2019 13:59:59.109 [Timer-1] ERROR com.pse.notif.types.Notifier - Cannot connect: http://phisix-api2.appspot.com/stocks/SCC.json
09-12-2019 13:59:59.109 [Timer-1] ERROR com.pse.notif.types.Notifier - Cannot connect: http://phisix-api2.appspot.com/stocks/LTG.json
09-12-2019 13:59:59.109 [Timer-1] INFO  com.pse.notif.types.Notifier - End data fetch.
09-12-2019 13:59:59.109 [Timer-1] INFO  com.pse.notif.types.Notifier - Starting formatting...
09-12-2019 13:59:59.109 [Timer-1] INFO  com.pse.notif.types.Notifier - Ending formatting.
09-12-2019 13:59:59.109 [Timer-1] INFO  com.pse.notif.types.Notifier - Filtering stocks for cut/break...
09-12-2019 13:59:59.110 [Timer-1] INFO  com.pse.notif.types.Notifier - AGI: 11.10 (-0.18%) [11.13M]
09-12-2019 13:59:59.112 [Timer-1] INFO  com.pse.notif.types.Notifier - FGEN: 24.50 (-1.01%) [2.41M]
09-12-2019 13:59:59.112 [Timer-1] INFO  com.pse.notif.types.Notifier - SCC: 20.20 (1.00%) [4.21M] << SELL
09-12-2019 13:59:59.113 [Timer-1] INFO  com.pse.notif.types.Notifier - LTG: 11.76 (2.26%) [4.25M] << BUY 
09-12-2019 13:59:59.113 [Timer-1] INFO  com.pse.notif.types.Notifier - Starting display...
09-12-2019 13:59:59.138 [Timer-1] INFO  com.pse.notif.types.Notifier - Ending display.
09-12-2019 14:04:59.107 [Timer-1] INFO  com.pse.notif.types.Notifier - Starting data fetch...
09-12-2019 14:05:00.689 [Timer-1] INFO  com.pse.notif.types.Notifier - End data fetch.
09-12-2019 14:05:00.689 [Timer-1] INFO  com.pse.notif.types.Notifier - Starting formatting...
09-12-2019 14:05:00.690 [Timer-1] INFO  com.pse.notif.types.Notifier - Ending formatting.
09-12-2019 14:05:00.690 [Timer-1] INFO  com.pse.notif.types.Notifier - Filtering stocks for cut/break...
09-12-2019 14:05:00.690 [Timer-1] INFO  com.pse.notif.types.Notifier - AGI: 11.12 (0.18%) [15.09M]
09-12-2019 14:05:00.690 [Timer-1] INFO  com.pse.notif.types.Notifier - FGEN: 24.50 (-1.01%) [2.74M]
09-12-2019 14:05:00.691 [Timer-1] INFO  com.pse.notif.types.Notifier - SCC: 20.20 (1.25%) [4.58M] << SELL
09-12-2019 14:05:00.691 [Timer-1] INFO  com.pse.notif.types.Notifier - LTG: 11.74 (2.09%) [4.33M] << BUY 
09-12-2019 14:05:00.691 [Timer-1] INFO  com.pse.notif.types.Notifier - Starting display...
09-12-2019 14:05:00.720 [Timer-1] INFO  com.pse.notif.types.Notifier - Ending display.
09-12-2019 14:09:59.107 [Timer-1] INFO  com.pse.notif.types.Notifier - Starting data fetch...
09-12-2019 14:10:04.114 [Timer-1] ERROR com.pse.notif.types.Notifier - Cannot connect: http://phisix-api2.appspot.com/stocks/AGI.json
09-12-2019 14:10:09.116 [Timer-1] ERROR com.pse.notif.types.Notifier - Cannot connect: http://phisix-api2.appspot.com/stocks/FGEN.json
09-12-2019 14:10:14.117 [Timer-1] ERROR com.pse.notif.types.Notifier - Cannot connect: http://phisix-api2.appspot.com/stocks/SCC.json
09-12-2019 14:10:20.801 [Timer-1] INFO  com.pse.notif.types.Notifier - End data fetch.
09-12-2019 14:10:20.802 [Timer-1] INFO  com.pse.notif.types.Notifier - Starting formatting...
09-12-2019 14:10:20.802 [Timer-1] INFO  com.pse.notif.types.Notifier - Ending formatting.
09-12-2019 14:10:20.802 [Timer-1] INFO  com.pse.notif.types.Notifier - Filtering stocks for cut/break...
09-12-2019 14:10:20.803 [Timer-1] INFO  com.pse.notif.types.Notifier - AGI: 11.12 (0.18%) [15.09M]
09-12-2019 14:10:20.803 [Timer-1] INFO  com.pse.notif.types.Notifier - FGEN: 24.50 (-1.01%) [2.74M]
09-12-2019 14:10:20.804 [Timer-1] INFO  com.pse.notif.types.Notifier - SCC: 20.20 (1.25%) [4.58M] << SELL
09-12-2019 14:10:20.805 [Timer-1] INFO  com.pse.notif.types.Notifier - LTG: 11.74 (2.09%) [4.44M] << BUY 
09-12-2019 14:10:20.805 [Timer-1] INFO  com.pse.notif.types.Notifier - Starting display...
09-12-2019 14:10:20.841 [Timer-1] INFO  com.pse.notif.types.Notifier - Ending display.
09-12-2019 14:14:59.107 [Timer-1] INFO  com.pse.notif.types.Notifier - Starting data fetch...
09-12-2019 14:15:00.119 [Timer-1] INFO  com.pse.notif.types.Notifier - End data fetch.
09-12-2019 14:15:00.120 [Timer-1] INFO  com.pse.notif.types.Notifier - Starting formatting...
09-12-2019 14:15:00.120 [Timer-1] INFO  com.pse.notif.types.Notifier - Ending formatting.
09-12-2019 14:15:00.120 [Timer-1] INFO  com.pse.notif.types.Notifier - Filtering stocks for cut/break...
09-12-2019 14:15:00.120 [Timer-1] INFO  com.pse.notif.types.Notifier - AGI: 11.14 (0.18%) [16.06M]
09-12-2019 14:15:00.120 [Timer-1] INFO  com.pse.notif.types.Notifier - FGEN: 24.45 (-1.21%) [2.82M]
09-12-2019 14:15:00.121 [Timer-1] INFO  com.pse.notif.types.Notifier - SCC: 20.25 (1.25%) [4.79M] << SELL
09-12-2019 14:15:00.121 [Timer-1] INFO  com.pse.notif.types.Notifier - LTG: 11.76 (2.26%) [4.46M] << BUY 
09-12-2019 14:15:00.121 [Timer-1] INFO  com.pse.notif.types.Notifier - Starting display...
09-12-2019 14:15:00.145 [Timer-1] INFO  com.pse.notif.types.Notifier - Ending display.
09-12-2019 14:19:59.108 [Timer-1] INFO  com.pse.notif.types.Notifier - Starting data fetch...
09-12-2019 14:20:00.187 [Timer-1] INFO  com.pse.notif.types.Notifier - End data fetch.
09-12-2019 14:20:00.188 [Timer-1] INFO  com.pse.notif.types.Notifier - Starting formatting...
09-12-2019 14:20:00.189 [Timer-1] INFO  com.pse.notif.types.Notifier - Ending formatting.
09-12-2019 14:20:00.189 [Timer-1] INFO  com.pse.notif.types.Notifier - Filtering stocks for cut/break...
09-12-2019 14:20:00.190 [Timer-1] INFO  com.pse.notif.types.Notifier - AGI: 11.12 (0.00%) [16.06M]
09-12-2019 14:20:00.191 [Timer-1] INFO  com.pse.notif.types.Notifier - FGEN: 24.45 (-1.21%) [2.82M]
09-12-2019 14:20:00.192 [Timer-1] INFO  com.pse.notif.types.Notifier - SCC: 20.20 (1.00%) [4.85M] << SELL
09-12-2019 14:20:00.194 [Timer-1] INFO  com.pse.notif.types.Notifier - LTG: 11.74 (2.09%) [16.25M] << BUY 
09-12-2019 14:20:00.194 [Timer-1] INFO  com.pse.notif.types.Notifier - Starting display...
09-12-2019 14:20:00.219 [Timer-1] INFO  com.pse.notif.types.Notifier - Ending display.
09-12-2019 14:24:59.108 [Timer-1] INFO  com.pse.notif.types.Notifier - Starting data fetch...
09-12-2019 14:25:02.277 [Timer-1] INFO  com.pse.notif.types.Notifier - End data fetch.
09-12-2019 14:25:02.277 [Timer-1] INFO  com.pse.notif.types.Notifier - Starting formatting...
09-12-2019 14:25:02.277 [Timer-1] INFO  com.pse.notif.types.Notifier - Ending formatting.
09-12-2019 14:25:02.277 [Timer-1] INFO  com.pse.notif.types.Notifier - Filtering stocks for cut/break...
09-12-2019 14:25:02.278 [Timer-1] INFO  com.pse.notif.types.Notifier - AGI: 11.10 (-0.18%) [16.2M]
09-12-2019 14:25:02.278 [Timer-1] INFO  com.pse.notif.types.Notifier - FGEN: 24.45 (-1.21%) [2.84M]
09-12-2019 14:25:02.278 [Timer-1] INFO  com.pse.notif.types.Notifier - SCC: 20.20 (1.00%) [4.92M] << SELL
09-12-2019 14:25:02.279 [Timer-1] INFO  com.pse.notif.types.Notifier - LTG: 11.74 (2.09%) [16.26M] << BUY 
09-12-2019 14:25:02.279 [Timer-1] INFO  com.pse.notif.types.Notifier - Starting display...
09-12-2019 14:25:02.304 [Timer-1] INFO  com.pse.notif.types.Notifier - Ending display.
09-12-2019 14:29:59.107 [Timer-1] INFO  com.pse.notif.types.Notifier - Starting data fetch...
09-12-2019 14:30:09.962 [Timer-1] INFO  com.pse.notif.types.Notifier - End data fetch.
09-12-2019 14:30:09.962 [Timer-1] INFO  com.pse.notif.types.Notifier - Starting formatting...
09-12-2019 14:30:09.962 [Timer-1] INFO  com.pse.notif.types.Notifier - Ending formatting.
09-12-2019 14:30:09.963 [Timer-1] INFO  com.pse.notif.types.Notifier - Filtering stocks for cut/break...
09-12-2019 14:30:09.963 [Timer-1] INFO  com.pse.notif.types.Notifier - AGI: 11.12 (0.00%) [20.81M]
09-12-2019 14:30:09.964 [Timer-1] INFO  com.pse.notif.types.Notifier - FGEN: 24.45 (-1.21%) [2.84M]
09-12-2019 14:30:09.964 [Timer-1] INFO  com.pse.notif.types.Notifier - SCC: 20.20 (1.00%) [4.99M] << SELL
09-12-2019 14:30:09.965 [Timer-1] INFO  com.pse.notif.types.Notifier - LTG: 11.74 (2.09%) [16.43M] << BUY 
09-12-2019 14:30:09.965 [Timer-1] INFO  com.pse.notif.types.Notifier - Starting display...
09-12-2019 14:30:09.993 [Timer-1] INFO  com.pse.notif.types.Notifier - Ending display.
09-12-2019 14:34:59.107 [Timer-1] INFO  com.pse.notif.types.Notifier - Starting data fetch...
09-12-2019 14:35:01.237 [Timer-1] INFO  com.pse.notif.types.Notifier - End data fetch.
09-12-2019 14:35:01.238 [Timer-1] INFO  com.pse.notif.types.Notifier - Starting formatting...
09-12-2019 14:35:01.239 [Timer-1] INFO  com.pse.notif.types.Notifier - Ending formatting.
09-12-2019 14:35:01.239 [Timer-1] INFO  com.pse.notif.types.Notifier - Filtering stocks for cut/break...
09-12-2019 14:35:01.240 [Timer-1] INFO  com.pse.notif.types.Notifier - AGI: 11.14 (0.36%) [22.44M]
09-12-2019 14:35:01.241 [Timer-1] INFO  com.pse.notif.types.Notifier - FGEN: 24.45 (-1.21%) [2.88M]
09-12-2019 14:35:01.242 [Timer-1] INFO  com.pse.notif.types.Notifier - SCC: 20.20 (1.00%) [5.06M] << SELL
09-12-2019 14:35:01.243 [Timer-1] INFO  com.pse.notif.types.Notifier - LTG: 11.74 (2.09%) [16.49M] << BUY 
09-12-2019 14:35:01.243 [Timer-1] INFO  com.pse.notif.types.Notifier - Starting display...
09-12-2019 14:35:01.272 [Timer-1] INFO  com.pse.notif.types.Notifier - Ending display.
09-12-2019 14:39:59.107 [Timer-1] INFO  com.pse.notif.types.Notifier - Starting data fetch...
09-12-2019 14:40:02.316 [Timer-1] INFO  com.pse.notif.types.Notifier - End data fetch.
09-12-2019 14:40:02.317 [Timer-1] INFO  com.pse.notif.types.Notifier - Starting formatting...
09-12-2019 14:40:02.317 [Timer-1] INFO  com.pse.notif.types.Notifier - Ending formatting.
09-12-2019 14:40:02.317 [Timer-1] INFO  com.pse.notif.types.Notifier - Filtering stocks for cut/break...
09-12-2019 14:40:02.318 [Timer-1] INFO  com.pse.notif.types.Notifier - AGI: 11.14 (0.18%) [22.96M]
09-12-2019 14:40:02.318 [Timer-1] INFO  com.pse.notif.types.Notifier - FGEN: 24.45 (-1.21%) [2.93M]
09-12-2019 14:40:02.319 [Timer-1] INFO  com.pse.notif.types.Notifier - SCC: 20.25 (1.25%) [5.13M] << SELL
09-12-2019 14:40:02.319 [Timer-1] INFO  com.pse.notif.types.Notifier - LTG: 11.74 (2.09%) [16.53M] << BUY 
09-12-2019 14:40:02.319 [Timer-1] INFO  com.pse.notif.types.Notifier - Starting display...
09-12-2019 14:40:02.348 [Timer-1] INFO  com.pse.notif.types.Notifier - Ending display.
09-12-2019 14:44:59.107 [Timer-1] INFO  com.pse.notif.types.Notifier - Starting data fetch...
09-12-2019 14:45:00.098 [Timer-1] INFO  com.pse.notif.types.Notifier - End data fetch.
09-12-2019 14:45:00.099 [Timer-1] INFO  com.pse.notif.types.Notifier - Starting formatting...
09-12-2019 14:45:00.100 [Timer-1] INFO  com.pse.notif.types.Notifier - Ending formatting.
09-12-2019 14:45:00.100 [Timer-1] INFO  com.pse.notif.types.Notifier - Filtering stocks for cut/break...
09-12-2019 14:45:00.101 [Timer-1] INFO  com.pse.notif.types.Notifier - AGI: 11.14 (0.18%) [23.52M]
09-12-2019 14:45:00.102 [Timer-1] INFO  com.pse.notif.types.Notifier - FGEN: 24.45 (-1.21%) [3.08M]
09-12-2019 14:45:00.103 [Timer-1] INFO  com.pse.notif.types.Notifier - SCC: 20.25 (1.25%) [5.39M] << SELL
09-12-2019 14:45:00.105 [Timer-1] INFO  com.pse.notif.types.Notifier - LTG: 11.74 (2.09%) [16.54M] << BUY 
09-12-2019 14:45:00.105 [Timer-1] INFO  com.pse.notif.types.Notifier - Starting display...
09-12-2019 14:45:00.147 [Timer-1] INFO  com.pse.notif.types.Notifier - Ending display.
09-12-2019 14:49:59.108 [Timer-1] INFO  com.pse.notif.types.Notifier - Starting data fetch...
09-12-2019 14:50:00.253 [Timer-1] INFO  com.pse.notif.types.Notifier - End data fetch.
09-12-2019 14:50:00.253 [Timer-1] INFO  com.pse.notif.types.Notifier - Starting formatting...
09-12-2019 14:50:00.254 [Timer-1] INFO  com.pse.notif.types.Notifier - Ending formatting.
09-12-2019 14:50:00.255 [Timer-1] INFO  com.pse.notif.types.Notifier - Filtering stocks for cut/break...
09-12-2019 14:50:00.255 [Timer-1] INFO  com.pse.notif.types.Notifier - AGI: 11.14 (0.18%) [23.66M]
09-12-2019 14:50:00.256 [Timer-1] INFO  com.pse.notif.types.Notifier - FGEN: 24.45 (-1.21%) [3.13M]
09-12-2019 14:50:00.257 [Timer-1] INFO  com.pse.notif.types.Notifier - SCC: 20.25 (1.25%) [5.46M] << SELL
09-12-2019 14:50:00.258 [Timer-1] INFO  com.pse.notif.types.Notifier - LTG: 11.74 (2.09%) [16.54M] << BUY 
09-12-2019 14:50:00.258 [Timer-1] INFO  com.pse.notif.types.Notifier - Starting display...
09-12-2019 14:50:00.281 [Timer-1] INFO  com.pse.notif.types.Notifier - Ending display.
09-12-2019 14:54:59.108 [Timer-1] INFO  com.pse.notif.types.Notifier - Starting data fetch...
09-12-2019 14:55:00.038 [Timer-1] INFO  com.pse.notif.types.Notifier - End data fetch.
09-12-2019 14:55:00.038 [Timer-1] INFO  com.pse.notif.types.Notifier - Starting formatting...
09-12-2019 14:55:00.038 [Timer-1] INFO  com.pse.notif.types.Notifier - Ending formatting.
09-12-2019 14:55:00.038 [Timer-1] INFO  com.pse.notif.types.Notifier - Filtering stocks for cut/break...
09-12-2019 14:55:00.039 [Timer-1] INFO  com.pse.notif.types.Notifier - AGI: 11.14 (0.18%) [23.91M]
09-12-2019 14:55:00.039 [Timer-1] INFO  com.pse.notif.types.Notifier - FGEN: 24.45 (-1.21%) [3.94M]
09-12-2019 14:55:00.039 [Timer-1] INFO  com.pse.notif.types.Notifier - SCC: 20.25 (1.25%) [5.49M] << SELL
09-12-2019 14:55:00.040 [Timer-1] INFO  com.pse.notif.types.Notifier - LTG: 11.76 (2.43%) [16.71M] << BUY 
09-12-2019 14:55:00.040 [Timer-1] INFO  com.pse.notif.types.Notifier - Starting display...
09-12-2019 14:55:00.074 [Timer-1] INFO  com.pse.notif.types.Notifier - Ending display.
09-12-2019 14:59:59.108 [Timer-1] INFO  com.pse.notif.types.Notifier - Starting data fetch...
09-12-2019 15:00:00.015 [Timer-1] INFO  com.pse.notif.types.Notifier - End data fetch.
09-12-2019 15:00:00.015 [Timer-1] INFO  com.pse.notif.types.Notifier - Starting formatting...
09-12-2019 15:00:00.016 [Timer-1] INFO  com.pse.notif.types.Notifier - Ending formatting.
09-12-2019 15:00:00.016 [Timer-1] INFO  com.pse.notif.types.Notifier - Filtering stocks for cut/break...
09-12-2019 15:00:00.016 [Timer-1] INFO  com.pse.notif.types.Notifier - AGI: 11.14 (0.18%) [24.4M]
09-12-2019 15:00:00.016 [Timer-1] INFO  com.pse.notif.types.Notifier - FGEN: 24.45 (-1.21%) [5.42M]
09-12-2019 15:00:00.016 [Timer-1] INFO  com.pse.notif.types.Notifier - SCC: 20.25 (1.25%) [5.53M] << SELL
09-12-2019 15:00:00.017 [Timer-1] INFO  com.pse.notif.types.Notifier - LTG: 11.76 (2.26%) [16.78M] << BUY 
09-12-2019 15:00:00.017 [Timer-1] INFO  com.pse.notif.types.Notifier - Starting display...
09-12-2019 15:00:00.041 [Timer-1] INFO  com.pse.notif.types.Notifier - Ending display.
09-12-2019 15:04:59.107 [Timer-1] INFO  com.pse.notif.types.Notifier - Starting data fetch...
09-12-2019 15:05:02.547 [Timer-1] INFO  com.pse.notif.types.Notifier - End data fetch.
09-12-2019 15:05:02.547 [Timer-1] INFO  com.pse.notif.types.Notifier - Starting formatting...
09-12-2019 15:05:02.548 [Timer-1] INFO  com.pse.notif.types.Notifier - Ending formatting.
09-12-2019 15:05:02.548 [Timer-1] INFO  com.pse.notif.types.Notifier - Filtering stocks for cut/break...
09-12-2019 15:05:02.549 [Timer-1] INFO  com.pse.notif.types.Notifier - AGI: 11.12 (0.00%) [26.87M]
09-12-2019 15:05:02.550 [Timer-1] INFO  com.pse.notif.types.Notifier - FGEN: 24.45 (-1.21%) [5.87M]
09-12-2019 15:05:02.551 [Timer-1] INFO  com.pse.notif.types.Notifier - SCC: 20.10 (0.50%) [7.26M] << SELL
09-12-2019 15:05:02.552 [Timer-1] INFO  com.pse.notif.types.Notifier - LTG: 11.76 (2.26%) [16.89M] << BUY 
09-12-2019 15:05:02.553 [Timer-1] INFO  com.pse.notif.types.Notifier - Starting display...
09-12-2019 15:05:02.598 [Timer-1] INFO  com.pse.notif.types.Notifier - Ending display.
09-12-2019 15:09:59.107 [Timer-1] INFO  com.pse.notif.types.Notifier - Starting data fetch...
09-12-2019 15:10:00.268 [Timer-1] INFO  com.pse.notif.types.Notifier - End data fetch.
09-12-2019 15:10:00.268 [Timer-1] INFO  com.pse.notif.types.Notifier - Starting formatting...
09-12-2019 15:10:00.269 [Timer-1] INFO  com.pse.notif.types.Notifier - Ending formatting.
09-12-2019 15:10:00.269 [Timer-1] INFO  com.pse.notif.types.Notifier - Filtering stocks for cut/break...
09-12-2019 15:10:00.270 [Timer-1] INFO  com.pse.notif.types.Notifier - AGI: 11.12 (0.00%) [28.67M]
09-12-2019 15:10:00.271 [Timer-1] INFO  com.pse.notif.types.Notifier - FGEN: 24.40 (-1.41%) [7.61M]
09-12-2019 15:10:00.272 [Timer-1] INFO  com.pse.notif.types.Notifier - SCC: 20.15 (0.75%) [38.65M] << SELL
09-12-2019 15:10:00.273 [Timer-1] INFO  com.pse.notif.types.Notifier - LTG: 11.76 (2.26%) [16.95M] << BUY 
09-12-2019 15:10:00.274 [Timer-1] INFO  com.pse.notif.types.Notifier - Starting display...
09-12-2019 15:10:00.301 [Timer-1] INFO  com.pse.notif.types.Notifier - Ending display.
09-12-2019 15:14:59.107 [Timer-1] INFO  com.pse.notif.types.Notifier - Starting data fetch...
09-12-2019 15:15:00.045 [Timer-1] INFO  com.pse.notif.types.Notifier - End data fetch.
09-12-2019 15:15:00.045 [Timer-1] INFO  com.pse.notif.types.Notifier - Starting formatting...
09-12-2019 15:15:00.046 [Timer-1] INFO  com.pse.notif.types.Notifier - Ending formatting.
09-12-2019 15:15:00.046 [Timer-1] INFO  com.pse.notif.types.Notifier - Filtering stocks for cut/break...
09-12-2019 15:15:00.046 [Timer-1] INFO  com.pse.notif.types.Notifier - AGI: 11.12 (0.00%) [32.41M]
09-12-2019 15:15:00.046 [Timer-1] INFO  com.pse.notif.types.Notifier - FGEN: 24.50 (-1.62%) [8.21M]
09-12-2019 15:15:00.046 [Timer-1] INFO  com.pse.notif.types.Notifier - SCC: 20.15 (0.75%) [41.8M] << SELL
09-12-2019 15:15:00.047 [Timer-1] INFO  com.pse.notif.types.Notifier - LTG: 11.78 (2.43%) [17.06M] << BUY 
09-12-2019 15:15:00.047 [Timer-1] INFO  com.pse.notif.types.Notifier - Starting display...
09-12-2019 15:15:00.072 [Timer-1] INFO  com.pse.notif.types.Notifier - Ending display.
09-12-2019 15:19:59.108 [Timer-1] INFO  com.pse.notif.types.Notifier - Starting data fetch...
09-12-2019 15:20:04.225 [Timer-1] ERROR com.pse.notif.types.Notifier - Cannot connect: http://phisix-api2.appspot.com/stocks/AGI.json
09-12-2019 15:20:09.291 [Timer-1] ERROR com.pse.notif.types.Notifier - Cannot connect: http://phisix-api2.appspot.com/stocks/FGEN.json
09-12-2019 15:20:14.330 [Timer-1] ERROR com.pse.notif.types.Notifier - Cannot connect: http://phisix-api2.appspot.com/stocks/SCC.json
09-12-2019 15:20:19.401 [Timer-1] ERROR com.pse.notif.types.Notifier - Cannot connect: http://phisix-api2.appspot.com/stocks/LTG.json
09-12-2019 15:20:19.401 [Timer-1] INFO  com.pse.notif.types.Notifier - End data fetch.
09-12-2019 15:20:19.401 [Timer-1] INFO  com.pse.notif.types.Notifier - Starting formatting...
09-12-2019 15:20:19.402 [Timer-1] INFO  com.pse.notif.types.Notifier - Ending formatting.
09-12-2019 15:20:19.403 [Timer-1] INFO  com.pse.notif.types.Notifier - Filtering stocks for cut/break...
09-12-2019 15:20:19.404 [Timer-1] INFO  com.pse.notif.types.Notifier - AGI: 11.12 (0.00%) [32.41M]
09-12-2019 15:20:19.404 [Timer-1] INFO  com.pse.notif.types.Notifier - FGEN: 24.50 (-1.62%) [8.21M]
09-12-2019 15:20:19.405 [Timer-1] INFO  com.pse.notif.types.Notifier - SCC: 20.15 (0.75%) [41.8M] << SELL
09-12-2019 15:20:19.406 [Timer-1] INFO  com.pse.notif.types.Notifier - LTG: 11.78 (2.43%) [17.06M] << BUY 
09-12-2019 15:20:19.406 [Timer-1] INFO  com.pse.notif.types.Notifier - Starting display...
09-12-2019 15:20:19.431 [Timer-1] INFO  com.pse.notif.types.Notifier - Ending display.
09-12-2019 15:24:59.108 [Timer-1] INFO  com.pse.notif.types.Notifier - Starting data fetch...
09-12-2019 15:25:00.120 [Timer-1] INFO  com.pse.notif.types.Notifier - End data fetch.
09-12-2019 15:25:00.120 [Timer-1] INFO  com.pse.notif.types.Notifier - Starting formatting...
09-12-2019 15:25:00.121 [Timer-1] INFO  com.pse.notif.types.Notifier - Ending formatting.
09-12-2019 15:25:00.121 [Timer-1] INFO  com.pse.notif.types.Notifier - Filtering stocks for cut/break...
09-12-2019 15:25:00.122 [Timer-1] INFO  com.pse.notif.types.Notifier - AGI: 11.08 (-0.36%) [53.12M]
09-12-2019 15:25:00.122 [Timer-1] INFO  com.pse.notif.types.Notifier - FGEN: 24.50 (-1.01%) [10.44M]
09-12-2019 15:25:00.122 [Timer-1] INFO  com.pse.notif.types.Notifier - SCC: 20.20 (1.00%) [61.92M] << SELL
09-12-2019 15:25:00.123 [Timer-1] INFO  com.pse.notif.types.Notifier - LTG: 11.74 (2.09%) [18.69M] << BUY 
09-12-2019 15:25:00.123 [Timer-1] INFO  com.pse.notif.types.Notifier - Starting display...
09-12-2019 15:25:00.150 [Timer-1] INFO  com.pse.notif.types.Notifier - Ending display.
09-12-2019 15:29:59.108 [Timer-1] INFO  com.pse.notif.types.Notifier - Starting data fetch...
09-12-2019 15:30:00.080 [Timer-1] INFO  com.pse.notif.types.Notifier - End data fetch.
09-12-2019 15:30:00.080 [Timer-1] INFO  com.pse.notif.types.Notifier - Starting formatting...
09-12-2019 15:30:00.080 [Timer-1] INFO  com.pse.notif.types.Notifier - Ending formatting.
09-12-2019 15:30:00.080 [Timer-1] INFO  com.pse.notif.types.Notifier - Filtering stocks for cut/break...
09-12-2019 15:30:00.081 [Timer-1] INFO  com.pse.notif.types.Notifier - AGI: 11.08 (-0.36%) [53.12M]
09-12-2019 15:30:00.081 [Timer-1] INFO  com.pse.notif.types.Notifier - FGEN: 24.50 (-1.01%) [15.92M]
09-12-2019 15:30:00.081 [Timer-1] INFO  com.pse.notif.types.Notifier - SCC: 20.20 (1.00%) [61.92M] << SELL
09-12-2019 15:30:00.082 [Timer-1] INFO  com.pse.notif.types.Notifier - LTG: 11.74 (2.09%) [19.19M] << BUY 
09-12-2019 15:30:00.082 [Timer-1] INFO  com.pse.notif.types.Notifier - Starting display...
09-12-2019 15:30:00.106 [Timer-1] INFO  com.pse.notif.types.Notifier - Ending display.
09-12-2019 15:30:00.106 [Timer-1] INFO  com.pse.notif.app.PsePushNotifier - Market now closed!
